e:\vgd\johnf\raylibq3game\debug\vc142.pdb
e:\vgd\johnf\raylibq3game\debug\player.obj
e:\vgd\johnf\raylibq3game\debug\physics.obj
e:\vgd\johnf\raylibq3game\debug\main.obj
e:\vgd\johnf\raylibq3game\debug\ui.obj
e:\vgd\johnf\raylibq3game\debug\uibutton.obj
e:\vgd\johnf\raylibq3game\debug\consolereader.obj
e:\vgd\johnf\raylibq3game\debug\gorb.obj
e:\vgd\johnf\raylibq3game\debug\baseunit.obj
c:\users\boxtr\documents\raylibq3game\debug\vc142.pdb
c:\users\boxtr\documents\raylibq3game\debug\uibutton.obj
c:\users\boxtr\documents\raylibq3game\debug\mission.obj
c:\users\boxtr\documents\raylibq3game\debug\gorb.obj
c:\users\boxtr\documents\raylibq3game\debug\connectionmanager.obj
c:\users\boxtr\documents\raylibq3game\debug\connection.obj
c:\users\boxtr\documents\raylibq3game\debug\baseunit.obj
c:\users\boxtr\documents\raylibq3game\debug\consolereader.obj
c:\users\boxtr\documents\raylibq3game\debug\main.obj
c:\users\boxtr\documents\raylibq3game\debug\physics.obj
c:\users\boxtr\documents\raylibq3game\debug\player.obj
c:\users\boxtr\documents\raylibq3game\debug\ui.obj
c:\users\boxtr\documents\raylibq3game\debug\basebuilder.pdb
c:\users\boxtr\documents\raylibq3game\debug\basebuilder.tlog\cl.command.1.tlog
c:\users\boxtr\documents\raylibq3game\debug\basebuilder.tlog\cl.read.1.tlog
c:\users\boxtr\documents\raylibq3game\debug\basebuilder.tlog\cl.write.1.tlog
c:\users\boxtr\documents\raylibq3game\debug\basebuilder.tlog\link-cvtres.read.1.tlog
c:\users\boxtr\documents\raylibq3game\debug\basebuilder.tlog\link-cvtres.write.1.tlog
c:\users\boxtr\documents\raylibq3game\debug\basebuilder.tlog\link-rc.read.1.tlog
c:\users\boxtr\documents\raylibq3game\debug\basebuilder.tlog\link-rc.write.1.tlog
c:\users\boxtr\documents\raylibq3game\debug\basebuilder.tlog\link.command.1.tlog
c:\users\boxtr\documents\raylibq3game\debug\basebuilder.tlog\link.read.1.tlog
c:\users\boxtr\documents\raylibq3game\debug\basebuilder.tlog\link.write.1.tlog
