e:\vgd\johnf\raylibq3game\x64\debug\vc142.pdb
e:\vgd\johnf\raylibq3game\x64\debug\vc142.idb
e:\vgd\johnf\raylibq3game\x64\debug\ui.obj
e:\vgd\johnf\raylibq3game\x64\debug\uibutton.obj
e:\vgd\johnf\raylibq3game\x64\debug\timer.obj
e:\vgd\johnf\raylibq3game\x64\debug\missionmanager.obj
e:\vgd\johnf\raylibq3game\x64\debug\mission.obj
e:\vgd\johnf\raylibq3game\x64\debug\base.obj
e:\vgd\johnf\raylibq3game\x64\debug\main.obj
e:\vgd\johnf\raylibq3game\x64\debug\gorb.obj
e:\vgd\johnf\raylibq3game\x64\debug\fakeconsole.obj
e:\vgd\johnf\raylibq3game\x64\debug\consolereader.obj
e:\vgd\johnf\raylibq3game\x64\debug\connectionmanager.obj
e:\vgd\johnf\raylibq3game\x64\debug\connection.obj
e:\vgd\johnf\raylibq3game\x64\debug\baseunit.obj
e:\vgd\johnf\raylibq3game\x64\debug\basebuilder.pdb
e:\vgd\johnf\raylibq3game\x64\debug\basebuilder.tlog\cl.command.1.tlog
e:\vgd\johnf\raylibq3game\x64\debug\basebuilder.tlog\cl.read.1.tlog
e:\vgd\johnf\raylibq3game\x64\debug\basebuilder.tlog\cl.write.1.tlog
e:\vgd\johnf\raylibq3game\x64\debug\basebuilder.tlog\link-cvtres.read.1.tlog
e:\vgd\johnf\raylibq3game\x64\debug\basebuilder.tlog\link-cvtres.write.1.tlog
e:\vgd\johnf\raylibq3game\x64\debug\basebuilder.tlog\link-rc.read.1.tlog
e:\vgd\johnf\raylibq3game\x64\debug\basebuilder.tlog\link-rc.write.1.tlog
e:\vgd\johnf\raylibq3game\x64\debug\basebuilder.tlog\link.command.1.tlog
e:\vgd\johnf\raylibq3game\x64\debug\basebuilder.tlog\link.read.1.tlog
e:\vgd\johnf\raylibq3game\x64\debug\basebuilder.tlog\link.write.1.tlog
